<?xml version="1.0" encoding="UTF-8"?>
<testsuite xmlns:xsi="http://www.w3.org/2001/XMLSchema-instance" xsi:noNamespaceSchemaLocation="https://maven.apache.org/surefire/maven-surefire-plugin/xsd/surefire-test-report-3.0.xsd" version="3.0" name="TestSuite" time="89.093" tests="10" errors="0" skipped="0" failures="1">
  <properties>
[...]
</properties>
  <testcase name="endToEndTest" classname="com.skilo.gui.EndToEndTest" time="2.331">
    <system-out><![CDATA[Deleting not needed files from folder with path: src\test\resources\reports\
All file are deleted in Directory: src\test\resources\reports\
Deleting not needed files from folder with path: src\test\resources\screenshots\
All file are deleted in Directory: src\test\resources\screenshots\
=== > *** THE IS A END TO END SCENARIO  *** < ===

STEP 1: Open iSkillo site.
http://training.skillo-bg.com:4200/posts/all this is the current url
DOM tree is fully loaded.
Result: The website is open.
STEP 2: Navigate to Registration page.
RESULT: The Page is open and title is visible.
STEP 3: Checking the placeholders of the fields
STEP 4: Making a registration.
RESULT: The registration is successful.
STEP 5: Checking that the user is logged in after the registration.
DOM tree is fully loaded.
STEP 7: Verify that the user is on login page.
STEP 8: Checking the placeholders of the login page.
STEP 9: Marking the "remember me" check box.
STEP 10: Entering credentials of the newly registered user and submitting.
STEP 11: Verifying the submit message.
STEP 12: Verifying that the user is log in.
STEP 13: Navigating to "New post".
STEP 14: Upload new post picture.
STEP 15: Enter caption.
STEP 16: Create the new post.
STEP 17: Verifying the post count.
STEP 18: Open the new post.
STEP 19: Verifying that the image is visible and the username is correct.
STEP 20: Deleting the new post
RESULT: The post is deleted
]]></system-out>
    <system-err><![CDATA[SLF4J: Failed to load class "org.slf4j.impl.StaticLoggerBinder".
SLF4J: Defaulting to no-operation (NOP) logger implementation
SLF4J: See http://www.slf4j.org/codes.html#StaticLoggerBinder for further details.
Jul 26, 2024 11:25:44 PM org.openqa.selenium.devtools.CdpVersionFinder findNearestMatch
WARNING: Unable to find an exact match for CDP version 126, returning the closest version; found: 125; Please update to a Selenium version that supports CDP version 126
]]></system-err>
  </testcase>
  <testcase name="verifyAlreadyRegisteredUserCanNotSuccessfullyLoginWithNotProvidedCredentials" classname="com.skilo.gui.LoginTest" time="3.265">
    <system-out><![CDATA[The driver is about to be closed.
=== > *** Verify a user cannot successfully login in the system with NO CREDENTIALS *** < ===
STEP 1: A guest user has open the ISkillo HomePage.
http://training.skillo-bg.com:4200/posts/all this is the current url
DOM tree is fully loaded.
STEP 2: The guest user has navigated to ISkillo LoginPage.
The user has clicked on element.
DOM tree is fully loaded.
STEP 3: The guest user has verified that the LoginPage is opened as per requirements.
http://training.skillo-bg.com:4200/users/login this is the current url
DOM tree is fully loaded.
ACTION @ The user is verifying if the Registration title is shown.
CONFIRM # The Registration title is shown to the user.
STEP 4: The user has provided an empty username.
DOM tree is fully loaded.
STEP 5: The user has provided an empty password.
DOM tree is fully loaded.
STEP 6: The user has clicked on Sign In button.
The user has clicked on element.
DOM tree is fully loaded.
DOM tree is fully loaded.
STEP 7: The user has not provided any login data and is not logged in the system.
]]></system-out>
    <system-err><![CDATA[Jul 26, 2024 11:25:47 PM org.openqa.selenium.devtools.CdpVersionFinder findNearestMatch
WARNING: Unable to find an exact match for CDP version 126, returning the closest version; found: 125; Please update to a Selenium version that supports CDP version 126
]]></system-err>
  </testcase>
  <testcase name="verifyAlreadyRegisteredUserCanNotSuccessfullyLoginWithWrongPassword" classname="com.skilo.gui.LoginTest" time="4.371">
    <failure message="expected [Invalid username or password] but found [Ivalid password]" type="java.lang.AssertionError"><![CDATA[java.lang.AssertionError: expected [Invalid username or password] but found [Ivalid password]
	at org.testng.Assert.fail(Assert.java:111)
	at org.testng.Assert.failNotEquals(Assert.java:1578)
	at org.testng.Assert.assertEqualsImpl(Assert.java:150)
	at org.testng.Assert.assertEquals(Assert.java:132)
	at org.testng.Assert.assertEquals(Assert.java:656)
	at org.testng.Assert.assertEquals(Assert.java:666)
	at com.skillo.POM.LoginPage.msgStatusAfterInvalidLoginWithWrongPassword(LoginPage.java:96)
	at com.skilo.gui.LoginTest.verifyAlreadyRegisteredUserCanNotSuccessfullyLoginWithWrongPassword(LoginTest.java:139)
	at java.base/jdk.internal.reflect.DirectMethodHandleAccessor.invoke(DirectMethodHandleAccessor.java:103)
	at java.base/java.lang.reflect.Method.invoke(Method.java:580)
	at org.testng.internal.invokers.MethodInvocationHelper.invokeMethod(MethodInvocationHelper.java:141)
	at org.testng.internal.invokers.TestInvoker.invokeMethod(TestInvoker.java:686)
	at org.testng.internal.invokers.TestInvoker.invokeTestMethod(TestInvoker.java:230)
	at org.testng.internal.invokers.MethodRunner.runInSequence(MethodRunner.java:63)
	at org.testng.internal.invokers.TestInvoker$MethodInvocationAgent.invoke(TestInvoker.java:992)
	at org.testng.internal.invokers.TestInvoker.invokeTestMethods(TestInvoker.java:203)
	at org.testng.internal.invokers.TestMethodWorker.invokeTestMethods(TestMethodWorker.java:154)
	at org.testng.internal.invokers.TestMethodWorker.run(TestMethodWorker.java:134)
	at java.base/java.util.ArrayList.forEach(ArrayList.java:1597)
	at org.testng.TestRunner.privateRun(TestRunner.java:739)
	at org.testng.TestRunner.run(TestRunner.java:614)
	at org.testng.SuiteRunner.runTest(SuiteRunner.java:421)
	at org.testng.SuiteRunner.runSequentially(SuiteRunner.java:413)
	at org.testng.SuiteRunner.privateRun(SuiteRunner.java:373)
	at org.testng.SuiteRunner.run(SuiteRunner.java:312)
	at org.testng.SuiteRunnerWorker.runSuite(SuiteRunnerWorker.java:52)
	at org.testng.SuiteRunnerWorker.run(SuiteRunnerWorker.java:95)
	at org.testng.TestNG.runSuitesSequentially(TestNG.java:1274)
	at org.testng.TestNG.runSuitesLocally(TestNG.java:1208)
	at org.testng.TestNG.runSuites(TestNG.java:1112)
	at org.testng.TestNG.run(TestNG.java:1079)
	at org.apache.maven.surefire.testng.TestNGExecutor.run(TestNGExecutor.java:324)
	at org.apache.maven.surefire.testng.TestNGXmlTestSuite.execute(TestNGXmlTestSuite.java:74)
	at org.apache.maven.surefire.testng.TestNGProvider.invoke(TestNGProvider.java:123)
	at org.apache.maven.surefire.booter.ForkedBooter.runSuitesInProcess(ForkedBooter.java:456)
	at org.apache.maven.surefire.booter.ForkedBooter.execute(ForkedBooter.java:169)
	at org.apache.maven.surefire.booter.ForkedBooter.run(ForkedBooter.java:595)
	at org.apache.maven.surefire.booter.ForkedBooter.main(ForkedBooter.java:581)
]]></failure>
    <system-out><![CDATA[The driver is about to be closed.
=== > *** Verify a user cannot successfully login in the system with WRONG PASSWORD *** < ===
STEP 1: A guest user has opened the ISkillo HomePage.
http://training.skillo-bg.com:4200/posts/all this is the current url
DOM tree is fully loaded.
STEP 2: The guest user has navigated to ISkillo LoginPage.
The user has clicked on element.
DOM tree is fully loaded.
STEP 3: The guest user has verified that the LoginPage is opened as per requirements.
http://training.skillo-bg.com:4200/users/login this is the current url
DOM tree is fully loaded.
ACTION @ The user is verifying if the Registration title is shown.
CONFIRM # The Registration title is shown to the user.
STEP 4: The user has provided a valid username.
DOM tree is fully loaded.
STEP 5: The user has provided an invalid password.
DOM tree is fully loaded.
STEP 6: The user has clicked on the Sign In button
The user has clicked on element.
DOM tree is fully loaded.
DOM tree is fully loaded.
STEP 7: The user has provided wrong data and is not logged in the system.
]]></system-out>
    <system-err><![CDATA[Jul 26, 2024 11:25:52 PM org.openqa.selenium.devtools.CdpVersionFinder findNearestMatch
WARNING: Unable to find an exact match for CDP version 126, returning the closest version; found: 125; Please update to a Selenium version that supports CDP version 126
]]></system-err>
  </testcase>
  <testcase name="verifyAlreadyRegisteredUserCanNotSuccessfullyLoginWithWrongUsername" classname="com.skilo.gui.LoginTest" time="3.29">
    <system-out><![CDATA[The driver is about to be closed.
=== > *** Verify a user cannot successfully login in the system with WRONG USERNAME *** < ===
STEP 1: A guest user has opened the ISkillo HomePage.
http://training.skillo-bg.com:4200/posts/all this is the current url
DOM tree is fully loaded.
STEP 2: The guest user has navigated to ISkillo LoginPage.
The user has clicked on element.
DOM tree is fully loaded.
STEP 3: The user has verified that the LoginPage is opened as per requirements.
http://training.skillo-bg.com:4200/users/login this is the current url
DOM tree is fully loaded.
ACTION @ The user is verifying if the Registration title is shown.
CONFIRM # The Registration title is shown to the user.
STEP 4: The user has provided a wrong username.
DOM tree is fully loaded.
STEP 5: The user has provided a valid password.
DOM tree is fully loaded.
STEP 6: The user has clicked on Sign In button.
The user has clicked on element.
DOM tree is fully loaded.
DOM tree is fully loaded.
STEP 7: The user has provided wrong data and is not logged in the system.
]]></system-out>
    <system-err><![CDATA[Jul 26, 2024 11:25:57 PM org.openqa.selenium.devtools.CdpVersionFinder findNearestMatch
WARNING: Unable to find an exact match for CDP version 126, returning the closest version; found: 125; Please update to a Selenium version that supports CDP version 126
]]></system-err>
  </testcase>
  <testcase name="verifyAlreadyRegisteredUserCanSuccessfullyLogin" classname="com.skilo.gui.LoginTest" time="4.45">
    <system-out><![CDATA[The driver is about to be closed.
=== > *** Verify a registered user can successfully login in the system with valid credentials *** < ===
STEP 1: A guest user has opened the ISkillo HomePage.
http://training.skillo-bg.com:4200/posts/all this is the current url
DOM tree is fully loaded.
STEP 2: The guest user has navigated to ISkillo LoginPage.
The user has clicked on element.
DOM tree is fully loaded.
STEP 3: The guest user has verified that the LoginPage is opened as per requirements.
http://training.skillo-bg.com:4200/users/login this is the current url
DOM tree is fully loaded.
ACTION @ The user is verifying if the Registration title is shown.
CONFIRM # The Registration title is shown to the user.
STEP 4: The user has provided a valid username.
DOM tree is fully loaded.
STEP 5: The user has provided a valid password.
DOM tree is fully loaded.
STEP 6: The guest user has selected Remember me option.
DOM tree is fully loaded.
The user has clicked on element.
DOM tree is fully loaded.
Remember me is selected.
STEP 7: The user has clicked on the Sign in button.
The user has clicked on element.
DOM tree is fully loaded.
DOM tree is fully loaded.
STEP 8: The user is successfully logged in the system with valid data.
The user has clicked on element.
DOM tree is fully loaded.
STEP 9: The user has successfully clicked on HomePage Profile link after logging in the system with valid data.
Username is displayed.
]]></system-out>
    <system-err><![CDATA[Jul 26, 2024 11:26:02 PM org.openqa.selenium.devtools.CdpVersionFinder findNearestMatch
WARNING: Unable to find an exact match for CDP version 126, returning the closest version; found: 125; Please update to a Selenium version that supports CDP version 126
]]></system-err>
  </testcase>
  <testcase name="verifyAlreadyRegisteredUserCanSuccessfullyLoginAndLogOut" classname="com.skilo.gui.LoginTest" time="4.2">
    <system-out><![CDATA[The driver is about to be closed.
=== > *** Verify a registered user can successfully login in the system with valid credentials *** < ===
STEP 1: A guest user has opened the ISkillo HomePage.
http://training.skillo-bg.com:4200/posts/all this is the current url
DOM tree is fully loaded.
STEP 2: The guest user has navigated to ISkillo LoginPage.
The user has clicked on element.
DOM tree is fully loaded.
STEP 3: The guest user has verified that the LoginPage is opened as per requirements.
http://training.skillo-bg.com:4200/users/login this is the current url
DOM tree is fully loaded.
ACTION @ The user is verifying if the Registration title is shown.
CONFIRM # The Registration title is shown to the user.
STEP 4: The user has provided a valid username.
DOM tree is fully loaded.
STEP 5: The user has provided a valid password.
DOM tree is fully loaded.
STEP 6: The guest user has selected Remember me option.
DOM tree is fully loaded.
The user has clicked on element.
DOM tree is fully loaded.
Remember me is selected.
STEP 7: The user has clicked on the Sign in button.
The user has clicked on element.
DOM tree is fully loaded.
DOM tree is fully loaded.
STEP 8: The user is successfully logged in the system with valid data.
The user has clicked on element.
DOM tree is fully loaded.
STEP 9: The user has successfully clicked on HomePage Profile link after logging in the system with valid data.
Username is displayed.
STEP 9: The user has successfully clicked on the LogOut Button.
The user has clicked on element.
DOM tree is fully loaded.
]]></system-out>
    <system-err><![CDATA[Jul 26, 2024 11:26:07 PM org.openqa.selenium.devtools.CdpVersionFinder findNearestMatch
WARNING: Unable to find an exact match for CDP version 126, returning the closest version; found: 125; Please update to a Selenium version that supports CDP version 126
]]></system-err>
  </testcase>
  <testcase name="verifyUserCanCreateNewPostAndDeleteIt[testingDemos, testing, testingDemos, src\test\resources\uploads\testUpload.jpg, Testing create post caption](1)" classname="com.skilo.gui.PostTest" time="41.695">
    <system-out><![CDATA[The driver is about to be closed.
=== > *** Verify the user can create a new post and delete the new post *** < ===
STEP 1: A guest user has opened ISkillo website home page.
http://training.skillo-bg.com:4200/posts/all this is the current url
DOM tree is fully loaded.
DOM tree is fully loaded.
STEP 2: The user has clicked on Login button.
The user has clicked on element.
DOM tree is fully loaded.
STEP 3: The HomePage URL is fully loaded.
DOM tree is fully loaded.
STEP 4: The user has provided correct credentials and has logged in successfully.
DOM tree is fully loaded.
DOM tree is fully loaded.
The user has clicked on element.
DOM tree is fully loaded.
DOM tree is fully loaded.
The user has clicked on element.
DOM tree is fully loaded.
Remember me is selected.
STEP 5: The user has verified the New Post button is visible.
 ACTION @ The user is verifying if the navigation New Post button is presented
CONFIRM # Navigation New Post button is presented to the user
STEP 6: The user has clicked on New Post button.
The user has clicked on element.
DOM tree is fully loaded.
STEP 7: The user has successfully uploaded a new picture.
CONFIRMATION# The file was successfully uploaded.
STEP 8: Checking if the image is visible after upload.
CONFIRMATION# The file is visible.
STEP 9: Checking if the image name is correct
CONFIRMATION# The image name is: testUpload.jpg
STEP 10: The user has provided a caption for the new image.
CONFIRMATION# The user has provided caption text:Testing create post caption
STEP 11: The user has clicked on Submit Button to create the new post.
CONFIRMATION# The user has clicked on submit post button.
CONFIRMATION #: The image is displayed.
Step 12: The user has clicked on the first post.
STEP 13: Verifying that the image and Username are visible.
CONFIRMATION #: The image is displayed.
CONFIRMATION #: The username is displayed.
STEP 14: Checking if the post count is correct.
The actual post count is1
STEP 15: The user has deleted the new post so this test can be repeated.
CONFIRMATION #: The user has clicked on Delete Post button.
CONFIRMATION #: The user has clicked on Yes and image is deleted.
CONFIRMATION #: The user has clicked on Yes and image is deleted.
]]></system-out>
    <system-err><![CDATA[Jul 26, 2024 11:26:12 PM org.openqa.selenium.devtools.CdpVersionFinder findNearestMatch
WARNING: Unable to find an exact match for CDP version 126, returning the closest version; found: 125; Please update to a Selenium version that supports CDP version 126
]]></system-err>
  </testcase>
  <testcase name="verifyUserCanPostProfilePicture[testingDemos, testing, testingDemos, src\test\resources\uploads\testUpload.jpg, Testing create post caption](1)" classname="com.skilo.gui.ProfileTest" time="4.234">
    <system-out><![CDATA[The driver is about to be closed.
STEP 1: A guest user has opened ISkillo website home page.
http://training.skillo-bg.com:4200/posts/all this is the current url
DOM tree is fully loaded.
DOM tree is fully loaded.
STEP 2: The user has clicked on Login button.
The user has clicked on element.
DOM tree is fully loaded.
STEP 3: The HomePage URL is fully loaded.
DOM tree is fully loaded.
STEP 4: The user has provided correct credentials and has logged in successfully.
DOM tree is fully loaded.
DOM tree is fully loaded.
The user has clicked on element.
DOM tree is fully loaded.
DOM tree is fully loaded.
The user has clicked on element.
DOM tree is fully loaded.
Remember me is selected.
STEP 5: The user has verified the Profile Link is visible.
STEP 6: The user has clicked on Profile Link.
The user has clicked on element.
DOM tree is fully loaded.
STEP 7: The user has successfully uploaded a new Profile picture.
CONFIRMATION # The image was successfully uploaded.
CONFIRMATION #: The Profile pic is displayed.
STEP 8: Checking if the image is visible after upload.
]]></system-out>
    <system-err><![CDATA[Jul 26, 2024 11:26:55 PM org.openqa.selenium.devtools.CdpVersionFinder findNearestMatch
WARNING: Unable to find an exact match for CDP version 126, returning the closest version; found: 125; Please update to a Selenium version that supports CDP version 126
]]></system-err>
  </testcase>
  <testcase name="verifyUserCanRegisterWithValidData" classname="com.skilo.gui.RegistrationTest" time="5.067">
    <system-out><![CDATA[The driver is about to be closed.
=== > *** Verify a new user can register in the system with valid data *** < ===
THE RANDOM GENERATED USERNAME IS: 850Student
THE RANDOM GENERATED EMAIL IS: 112700850@abv.bg
STEP 1: A guest user has opened the ISkillo HomePage.
http://training.skillo-bg.com:4200/posts/all this is the current url
DOM tree is fully loaded.
STEP 2: The guest user has navigated to ISkillo LoginPage.
The user has clicked on element.
DOM tree is fully loaded.
STEP 3: The guest user has clicked on Register link.
http://training.skillo-bg.com:4200/users/login this is the current url
DOM tree is fully loaded.
The user has clicked on element.
DOM tree is fully loaded.
STEP 4: The guest user has accessed the Registration form.
DOM tree is fully loaded.
STEP 5: The guest user has provided valid registration data and has clicked on the Sign In button.
DOM tree is fully loaded.
DOM tree is fully loaded.
DOM tree is fully loaded.
DOM tree is fully loaded.
The user has clicked on element.
DOM tree is fully loaded.
STEP 6: The user is successfully registered and logged in after registration with valid data.
The user has clicked on element.
DOM tree is fully loaded.
STEP 7: The user has successfully clicked on HomePage Profile link after registering and logging in the system.
Username is displayed.
]]></system-out>
    <system-err><![CDATA[Jul 26, 2024 11:27:00 PM org.openqa.selenium.devtools.CdpVersionFinder findNearestMatch
WARNING: Unable to find an exact match for CDP version 126, returning the closest version; found: 125; Please update to a Selenium version that supports CDP version 126
]]></system-err>
  </testcase>
  <testcase name="verifyUserCannotRegisterWithInvalidData" classname="com.skilo.gui.RegistrationTest" time="3.424">
    <system-out><![CDATA[The driver is about to be closed.
=== > *** Verify a new user cannot register in the system with invalid data *** < ===
THE RANDOM GENERATED USERNAME IS: W
THE RANDOM GENERATED EMAIL IS: WRONG
STEP 1: A guest user has opened the ISkillo HomePage.
http://training.skillo-bg.com:4200/posts/all this is the current url
DOM tree is fully loaded.
STEP 2: The guest user has navigated to ISkillo LoginPage.
The user has clicked on element.
DOM tree is fully loaded.
STEP 3: The guest user has clicked on the Register link.
The user has clicked on element.
DOM tree is fully loaded.
STEP 4: The guest user has accessed the Registration form.
DOM tree is fully loaded.
STEP 5: The guest user has provided invalid registration data and has clicked on the Sign In button.
DOM tree is fully loaded.
DOM tree is fully loaded.
DOM tree is fully loaded.
DOM tree is fully loaded.
The user has clicked on element.
DOM tree is fully loaded.
Registration has failed, as user is not able to register successfully with invalid data.
]]></system-out>
    <system-err><![CDATA[Jul 26, 2024 11:27:06 PM org.openqa.selenium.devtools.CdpVersionFinder findNearestMatch
WARNING: Unable to find an exact match for CDP version 126, returning the closest version; found: 125; Please update to a Selenium version that supports CDP version 126
]]></system-err>
  </testcase>
</testsuite>