<?xml version="1.0" encoding="UTF-8"?>
<testng-results ignored="0" total="9" passed="8" failed="1" skipped="0">
  <reporter-output>
  </reporter-output>
  <suite started-at="2024-08-02T22:38:22 EEST" name="All Test Suite" finished-at="2024-08-02T22:39:45 EEST" duration-ms="82891">
    <groups>
    </groups>
    <test started-at="2024-08-02T22:38:22 EEST" name="C:/Users/tsvet/Test/SKAU14TAF" finished-at="2024-08-02T22:39:45 EEST" duration-ms="82891">
      <class name="com.skilo.gui.RegistrationTest">
        <test-method is-config="true" signature="setUpTest()[pri:0, instance:com.skilo.gui.RegistrationTest@7b2bbc3]" started-at="2024-08-02T22:39:30 EEST" name="setUpTest" finished-at="2024-08-02T22:39:31 EEST" duration-ms="1121" status="PASS">
          <reporter-output>
          </reporter-output>
        </test-method> <!-- setUpTest -->
        <test-method signature="verifyUserCanRegisterWithValidData()[pri:-1, instance:com.skilo.gui.RegistrationTest@7b2bbc3]" started-at="2024-08-02T22:39:31 EEST" name="verifyUserCanRegisterWithValidData" finished-at="2024-08-02T22:39:38 EEST" duration-ms="7089" status="PASS">
          <reporter-output>
          </reporter-output>
        </test-method> <!-- verifyUserCanRegisterWithValidData -->
        <test-method is-config="true" signature="tearDownTest(org.testng.ITestResult)[pri:0, instance:com.skilo.gui.RegistrationTest@7b2bbc3]" started-at="2024-08-02T22:39:38 EEST" name="tearDownTest" finished-at="2024-08-02T22:39:39 EEST" duration-ms="208" status="PASS">
          <params>
            <param index="0">
              <value>
                <![CDATA[[TestResult name=verifyUserCanRegisterWithValidData status=SUCCESS method=RegistrationTest.verifyUserCanRegisterWithValidData()[pri:-1, instance:com.skilo.gui.RegistrationTest@7b2bbc3] output={null}]]]>
              </value>
            </param>
          </params>
          <reporter-output>
          </reporter-output>
        </test-method> <!-- tearDownTest -->
        <test-method is-config="true" signature="setUpTest()[pri:0, instance:com.skilo.gui.RegistrationTest@7b2bbc3]" started-at="2024-08-02T22:39:39 EEST" name="setUpTest" finished-at="2024-08-02T22:39:40 EEST" duration-ms="1116" status="PASS">
          <reporter-output>
          </reporter-output>
        </test-method> <!-- setUpTest -->
        <test-method signature="verifyUserCannotRegisterWithInvalidData()[pri:0, instance:com.skilo.gui.RegistrationTest@7b2bbc3]" started-at="2024-08-02T22:39:40 EEST" name="verifyUserCannotRegisterWithInvalidData" finished-at="2024-08-02T22:39:45 EEST" duration-ms="4990" status="PASS">
          <reporter-output>
          </reporter-output>
        </test-method> <!-- verifyUserCannotRegisterWithInvalidData -->
        <test-method is-config="true" signature="tearDownTest(org.testng.ITestResult)[pri:0, instance:com.skilo.gui.RegistrationTest@7b2bbc3]" started-at="2024-08-02T22:39:45 EEST" name="tearDownTest" finished-at="2024-08-02T22:39:45 EEST" duration-ms="186" status="PASS">
          <params>
            <param index="0">
              <value>
                <![CDATA[[TestResult name=verifyUserCannotRegisterWithInvalidData status=SUCCESS method=RegistrationTest.verifyUserCannotRegisterWithInvalidData()[pri:0, instance:com.skilo.gui.RegistrationTest@7b2bbc3] output={null}]]]>
              </value>
            </param>
          </params>
          <reporter-output>
          </reporter-output>
        </test-method> <!-- tearDownTest -->
      </class> <!-- com.skilo.gui.RegistrationTest -->
      <class name="com.skilo.gui.ProfileTest">
        <test-method is-config="true" signature="setUpTest()[pri:0, instance:com.skilo.gui.ProfileTest@48f2bd5b]" started-at="2024-08-02T22:39:24 EEST" name="setUpTest" finished-at="2024-08-02T22:39:25 EEST" duration-ms="1139" status="PASS">
          <reporter-output>
          </reporter-output>
        </test-method> <!-- setUpTest -->
        <test-method signature="verifyUserCanPostProfilePicture(java.lang.String,java.lang.String,java.lang.String,java.io.File,java.lang.String)[pri:0, instance:com.skilo.gui.ProfileTest@48f2bd5b]" started-at="2024-08-02T22:39:25 EEST" name="verifyUserCanPostProfilePicture" data-provider="PostTestDataProvider" finished-at="2024-08-02T22:39:30 EEST" duration-ms="4539" status="PASS">
          <params>
            <param index="0">
              <value>
                <![CDATA[testingDemos]]>
              </value>
            </param>
            <param index="1">
              <value>
                <![CDATA[testing]]>
              </value>
            </param>
            <param index="2">
              <value>
                <![CDATA[testingDemos]]>
              </value>
            </param>
            <param index="3">
              <value>
                <![CDATA[src\test\resources\uploads\testUpload.jpg]]>
              </value>
            </param>
            <param index="4">
              <value>
                <![CDATA[Testing create post caption]]>
              </value>
            </param>
          </params>
          <reporter-output>
          </reporter-output>
        </test-method> <!-- verifyUserCanPostProfilePicture -->
        <test-method is-config="true" signature="tearDownTest(org.testng.ITestResult)[pri:0, instance:com.skilo.gui.ProfileTest@48f2bd5b]" started-at="2024-08-02T22:39:30 EEST" name="tearDownTest" finished-at="2024-08-02T22:39:30 EEST" duration-ms="202" status="PASS">
          <params>
            <param index="0">
              <value>
                <![CDATA[[TestResult name=verifyUserCanPostProfilePicture status=SUCCESS method=ProfileTest.verifyUserCanPostProfilePicture(java.lang.String,java.lang.String,java.lang.String,java.io.File,java.lang.String)[pri:0, instance:com.skilo.gui.ProfileTest@48f2bd5b] output={null}]]]>
              </value>
            </param>
          </params>
          <reporter-output>
          </reporter-output>
        </test-method> <!-- tearDownTest -->
      </class> <!-- com.skilo.gui.ProfileTest -->
      <class name="com.skilo.gui.LoginTest">
        <test-method is-config="true" signature="setupTestSuite()[pri:0, instance:com.skilo.gui.LoginTest@128d2484]" started-at="2024-08-02T22:38:21 EEST" name="setupTestSuite" finished-at="2024-08-02T22:38:22 EEST" duration-ms="534" status="PASS">
          <reporter-output>
          </reporter-output>
        </test-method> <!-- setupTestSuite -->
        <test-method is-config="true" signature="setUpTest()[pri:0, instance:com.skilo.gui.LoginTest@128d2484]" started-at="2024-08-02T22:38:22 EEST" name="setUpTest" finished-at="2024-08-02T22:38:24 EEST" duration-ms="1778" status="PASS">
          <reporter-output>
          </reporter-output>
        </test-method> <!-- setUpTest -->
        <test-method signature="verifyAlreadyRegisteredUserCanNotSuccessfullyLoginWithNotProvidedCredentials()[pri:0, instance:com.skilo.gui.LoginTest@128d2484]" started-at="2024-08-02T22:38:24 EEST" name="verifyAlreadyRegisteredUserCanNotSuccessfullyLoginWithNotProvidedCredentials" finished-at="2024-08-02T22:38:29 EEST" duration-ms="5543" status="PASS">
          <reporter-output>
          </reporter-output>
        </test-method> <!-- verifyAlreadyRegisteredUserCanNotSuccessfullyLoginWithNotProvidedCredentials -->
        <test-method is-config="true" signature="tearDownTest(org.testng.ITestResult)[pri:0, instance:com.skilo.gui.LoginTest@128d2484]" started-at="2024-08-02T22:38:29 EEST" name="tearDownTest" finished-at="2024-08-02T22:38:30 EEST" duration-ms="244" status="PASS">
          <params>
            <param index="0">
              <value>
                <![CDATA[[TestResult name=verifyAlreadyRegisteredUserCanNotSuccessfullyLoginWithNotProvidedCredentials status=SUCCESS method=LoginTest.verifyAlreadyRegisteredUserCanNotSuccessfullyLoginWithNotProvidedCredentials()[pri:0, instance:com.skilo.gui.LoginTest@128d2484] output={null}]]]>
              </value>
            </param>
          </params>
          <reporter-output>
          </reporter-output>
        </test-method> <!-- tearDownTest -->
        <test-method is-config="true" signature="setUpTest()[pri:0, instance:com.skilo.gui.LoginTest@128d2484]" started-at="2024-08-02T22:38:30 EEST" name="setUpTest" finished-at="2024-08-02T22:38:31 EEST" duration-ms="1659" status="PASS">
          <reporter-output>
          </reporter-output>
        </test-method> <!-- setUpTest -->
        <test-method signature="verifyAlreadyRegisteredUserCanNotSuccessfullyLoginWithWrongPassword()[pri:0, instance:com.skilo.gui.LoginTest@128d2484]" started-at="2024-08-02T22:38:31 EEST" name="verifyAlreadyRegisteredUserCanNotSuccessfullyLoginWithWrongPassword" finished-at="2024-08-02T22:38:37 EEST" duration-ms="5662" status="FAIL">
          <exception class="java.lang.AssertionError">
            <message>
              <![CDATA[expected [Invalid username or password] but found [Ivalid password]]]>
            </message>
            <full-stacktrace>
              <![CDATA[java.lang.AssertionError: expected [Invalid username or password] but found [Ivalid password]
at org.testng.Assert.fail(Assert.java:111)
at org.testng.Assert.failNotEquals(Assert.java:1578)
at org.testng.Assert.assertEqualsImpl(Assert.java:150)
at org.testng.Assert.assertEquals(Assert.java:132)
at org.testng.Assert.assertEquals(Assert.java:656)
at org.testng.Assert.assertEquals(Assert.java:666)
at com.skillo.POM.LoginPage.msgStatusAfterInvalidLoginWithWrongPassword(LoginPage.java:90)
at com.skilo.gui.LoginTest.verifyAlreadyRegisteredUserCanNotSuccessfullyLoginWithWrongPassword(LoginTest.java:131)
at java.base/jdk.internal.reflect.DirectMethodHandleAccessor.invoke(DirectMethodHandleAccessor.java:103)
at java.base/java.lang.reflect.Method.invoke(Method.java:580)
at org.testng.internal.invokers.MethodInvocationHelper.invokeMethod(MethodInvocationHelper.java:141)
at org.testng.internal.invokers.TestInvoker.invokeMethod(TestInvoker.java:686)
at org.testng.internal.invokers.TestInvoker.invokeTestMethod(TestInvoker.java:230)
at org.testng.internal.invokers.MethodRunner.runInSequence(MethodRunner.java:63)
at org.testng.internal.invokers.TestInvoker$MethodInvocationAgent.invoke(TestInvoker.java:992)
at org.testng.internal.invokers.TestInvoker.invokeTestMethods(TestInvoker.java:203)
at org.testng.internal.invokers.TestMethodWorker.invokeTestMethods(TestMethodWorker.java:154)
at org.testng.internal.invokers.TestMethodWorker.run(TestMethodWorker.java:134)
at java.base/java.util.ArrayList.forEach(ArrayList.java:1597)
at org.testng.TestRunner.privateRun(TestRunner.java:739)
at org.testng.TestRunner.run(TestRunner.java:614)
at org.testng.SuiteRunner.runTest(SuiteRunner.java:421)
at org.testng.SuiteRunner.runSequentially(SuiteRunner.java:413)
at org.testng.SuiteRunner.privateRun(SuiteRunner.java:373)
at org.testng.SuiteRunner.run(SuiteRunner.java:312)
at org.testng.SuiteRunnerWorker.runSuite(SuiteRunnerWorker.java:52)
at org.testng.SuiteRunnerWorker.run(SuiteRunnerWorker.java:95)
at org.testng.TestNG.runSuitesSequentially(TestNG.java:1274)
at org.testng.TestNG.runSuitesLocally(TestNG.java:1208)
at org.testng.TestNG.runSuites(TestNG.java:1112)
at org.testng.TestNG.run(TestNG.java:1079)
at org.apache.maven.surefire.testng.TestNGExecutor.run(TestNGExecutor.java:324)
at org.apache.maven.surefire.testng.TestNGXmlTestSuite.execute(TestNGXmlTestSuite.java:74)
at org.apache.maven.surefire.testng.TestNGProvider.invoke(TestNGProvider.java:123)
at org.apache.maven.surefire.booter.ForkedBooter.runSuitesInProcess(ForkedBooter.java:456)
at org.apache.maven.surefire.booter.ForkedBooter.execute(ForkedBooter.java:169)
at org.apache.maven.surefire.booter.ForkedBooter.run(ForkedBooter.java:595)
at org.apache.maven.surefire.booter.ForkedBooter.main(ForkedBooter.java:581)
]]>
            </full-stacktrace>
          </exception> <!-- java.lang.AssertionError -->
          <reporter-output>
          </reporter-output>
        </test-method> <!-- verifyAlreadyRegisteredUserCanNotSuccessfullyLoginWithWrongPassword -->
        <test-method is-config="true" signature="tearDownTest(org.testng.ITestResult)[pri:0, instance:com.skilo.gui.LoginTest@128d2484]" started-at="2024-08-02T22:38:37 EEST" name="tearDownTest" finished-at="2024-08-02T22:38:37 EEST" duration-ms="363" status="PASS">
          <params>
            <param index="0">
              <value>
                <![CDATA[[TestResult name=verifyAlreadyRegisteredUserCanNotSuccessfullyLoginWithWrongPassword status=FAILURE method=LoginTest.verifyAlreadyRegisteredUserCanNotSuccessfullyLoginWithWrongPassword()[pri:0, instance:com.skilo.gui.LoginTest@128d2484] output={null}]]]>
              </value>
            </param>
          </params>
          <reporter-output>
          </reporter-output>
        </test-method> <!-- tearDownTest -->
        <test-method is-config="true" signature="setUpTest()[pri:0, instance:com.skilo.gui.LoginTest@128d2484]" started-at="2024-08-02T22:38:37 EEST" name="setUpTest" finished-at="2024-08-02T22:38:39 EEST" duration-ms="1385" status="PASS">
          <reporter-output>
          </reporter-output>
        </test-method> <!-- setUpTest -->
        <test-method signature="verifyAlreadyRegisteredUserCanNotSuccessfullyLoginWithWrongUsername()[pri:0, instance:com.skilo.gui.LoginTest@128d2484]" started-at="2024-08-02T22:38:39 EEST" name="verifyAlreadyRegisteredUserCanNotSuccessfullyLoginWithWrongUsername" finished-at="2024-08-02T22:38:43 EEST" duration-ms="4629" status="PASS">
          <reporter-output>
          </reporter-output>
        </test-method> <!-- verifyAlreadyRegisteredUserCanNotSuccessfullyLoginWithWrongUsername -->
        <test-method is-config="true" signature="tearDownTest(org.testng.ITestResult)[pri:0, instance:com.skilo.gui.LoginTest@128d2484]" started-at="2024-08-02T22:38:43 EEST" name="tearDownTest" finished-at="2024-08-02T22:38:43 EEST" duration-ms="173" status="PASS">
          <params>
            <param index="0">
              <value>
                <![CDATA[[TestResult name=verifyAlreadyRegisteredUserCanNotSuccessfullyLoginWithWrongUsername status=SUCCESS method=LoginTest.verifyAlreadyRegisteredUserCanNotSuccessfullyLoginWithWrongUsername()[pri:0, instance:com.skilo.gui.LoginTest@128d2484] output={null}]]]>
              </value>
            </param>
          </params>
          <reporter-output>
          </reporter-output>
        </test-method> <!-- tearDownTest -->
        <test-method is-config="true" signature="setUpTest()[pri:0, instance:com.skilo.gui.LoginTest@128d2484]" started-at="2024-08-02T22:38:43 EEST" name="setUpTest" finished-at="2024-08-02T22:38:45 EEST" duration-ms="1127" status="PASS">
          <reporter-output>
          </reporter-output>
        </test-method> <!-- setUpTest -->
        <test-method signature="verifyAlreadyRegisteredUserCanSuccessfullyLogin()[pri:0, instance:com.skilo.gui.LoginTest@128d2484]" started-at="2024-08-02T22:38:45 EEST" name="verifyAlreadyRegisteredUserCanSuccessfullyLogin" finished-at="2024-08-02T22:38:51 EEST" duration-ms="5981" status="PASS">
          <reporter-output>
          </reporter-output>
        </test-method> <!-- verifyAlreadyRegisteredUserCanSuccessfullyLogin -->
        <test-method is-config="true" signature="tearDownTest(org.testng.ITestResult)[pri:0, instance:com.skilo.gui.LoginTest@128d2484]" started-at="2024-08-02T22:38:51 EEST" name="tearDownTest" finished-at="2024-08-02T22:38:51 EEST" duration-ms="191" status="PASS">
          <params>
            <param index="0">
              <value>
                <![CDATA[[TestResult name=verifyAlreadyRegisteredUserCanSuccessfullyLogin status=SUCCESS method=LoginTest.verifyAlreadyRegisteredUserCanSuccessfullyLogin()[pri:0, instance:com.skilo.gui.LoginTest@128d2484] output={null}]]]>
              </value>
            </param>
          </params>
          <reporter-output>
          </reporter-output>
        </test-method> <!-- tearDownTest -->
        <test-method is-config="true" signature="setUpTest()[pri:0, instance:com.skilo.gui.LoginTest@128d2484]" started-at="2024-08-02T22:38:51 EEST" name="setUpTest" finished-at="2024-08-02T22:38:52 EEST" duration-ms="1195" status="PASS">
          <reporter-output>
          </reporter-output>
        </test-method> <!-- setUpTest -->
        <test-method signature="verifyAlreadyRegisteredUserCanSuccessfullyLoginAndLogOut()[pri:0, instance:com.skilo.gui.LoginTest@128d2484]" started-at="2024-08-02T22:38:52 EEST" name="verifyAlreadyRegisteredUserCanSuccessfullyLoginAndLogOut" finished-at="2024-08-02T22:38:59 EEST" duration-ms="7233" status="PASS">
          <reporter-output>
          </reporter-output>
        </test-method> <!-- verifyAlreadyRegisteredUserCanSuccessfullyLoginAndLogOut -->
        <test-method is-config="true" signature="tearDownTest(org.testng.ITestResult)[pri:0, instance:com.skilo.gui.LoginTest@128d2484]" started-at="2024-08-02T22:38:59 EEST" name="tearDownTest" finished-at="2024-08-02T22:38:59 EEST" duration-ms="239" status="PASS">
          <params>
            <param index="0">
              <value>
                <![CDATA[[TestResult name=verifyAlreadyRegisteredUserCanSuccessfullyLoginAndLogOut status=SUCCESS method=LoginTest.verifyAlreadyRegisteredUserCanSuccessfullyLoginAndLogOut()[pri:0, instance:com.skilo.gui.LoginTest@128d2484] output={null}]]]>
              </value>
            </param>
          </params>
          <reporter-output>
          </reporter-output>
        </test-method> <!-- tearDownTest -->
        <test-method is-config="true" signature="cleanFiles()[pri:0, instance:com.skilo.gui.LoginTest@128d2484]" started-at="2024-08-02T22:39:45 EEST" name="cleanFiles" finished-at="2024-08-02T22:39:45 EEST" duration-ms="1" status="PASS">
          <reporter-output>
          </reporter-output>
        </test-method> <!-- cleanFiles -->
      </class> <!-- com.skilo.gui.LoginTest -->
      <class name="com.skilo.gui.PostTest">
        <test-method is-config="true" signature="setUpTest()[pri:0, instance:com.skilo.gui.PostTest@692f203f]" started-at="2024-08-02T22:38:59 EEST" name="setUpTest" finished-at="2024-08-02T22:39:01 EEST" duration-ms="1190" status="PASS">
          <reporter-output>
          </reporter-output>
        </test-method> <!-- setUpTest -->
        <test-method signature="verifyUserCanCreateNewPostAndDeleteIt(java.lang.String,java.lang.String,java.lang.String,java.io.File,java.lang.String)[pri:0, instance:com.skilo.gui.PostTest@692f203f]" started-at="2024-08-02T22:39:01 EEST" name="verifyUserCanCreateNewPostAndDeleteIt" data-provider="PostTestDataProvider" finished-at="2024-08-02T22:39:24 EEST" duration-ms="23402" status="PASS">
          <params>
            <param index="0">
              <value>
                <![CDATA[testingDemos]]>
              </value>
            </param>
            <param index="1">
              <value>
                <![CDATA[testing]]>
              </value>
            </param>
            <param index="2">
              <value>
                <![CDATA[testingDemos]]>
              </value>
            </param>
            <param index="3">
              <value>
                <![CDATA[src\test\resources\uploads\CatTestImage.jpg]]>
              </value>
            </param>
            <param index="4">
              <value>
                <![CDATA[Hello Kitty]]>
              </value>
            </param>
          </params>
          <reporter-output>
          </reporter-output>
        </test-method> <!-- verifyUserCanCreateNewPostAndDeleteIt -->
        <test-method is-config="true" signature="tearDownTest(org.testng.ITestResult)[pri:0, instance:com.skilo.gui.PostTest@692f203f]" started-at="2024-08-02T22:39:24 EEST" name="tearDownTest" finished-at="2024-08-02T22:39:24 EEST" duration-ms="252" status="PASS">
          <params>
            <param index="0">
              <value>
                <![CDATA[[TestResult name=verifyUserCanCreateNewPostAndDeleteIt status=SUCCESS method=PostTest.verifyUserCanCreateNewPostAndDeleteIt(java.lang.String,java.lang.String,java.lang.String,java.io.File,java.lang.String)[pri:0, instance:com.skilo.gui.PostTest@692f203f] output={null}]]]>
              </value>
            </param>
          </params>
          <reporter-output>
          </reporter-output>
        </test-method> <!-- tearDownTest -->
      </class> <!-- com.skilo.gui.PostTest -->
    </test> <!-- C:/Users/tsvet/Test/SKAU14TAF -->
  </suite> <!-- All Test Suite -->
</testng-results>
