<?xml version="1.0" encoding="UTF-8"?>
<testsuite xmlns:xsi="http://www.w3.org/2001/XMLSchema-instance" xsi:noNamespaceSchemaLocation="https://maven.apache.org/surefire/maven-surefire-plugin/xsd/surefire-test-report-3.0.xsd" version="3.0" name="TestSuite" time="123.981" tests="10" errors="0" skipped="0" failures="1">
  <properties>
[...]
</properties>
  <testcase name="verifyUserCanNavigateToAnAlreadyCreatedPost" classname="com.skilo.gui.HomeTest" time="32.271">
    <system-out><![CDATA[Deleting not needed files from folder with path: src\test\resources\reports\
All file are deleted in Directory: src\test\resources\reports\
Deleting not needed files from folder with path: src\test\resources\screenshots\
All file are deleted in Directory: src\test\resources\screenshots\
=== > *** Verify the user can navigate to an already created post on their HomePage after login *** < ===
STEP 1: A guest user has opened ISkillo website home page.
http://training.skillo-bg.com:4200/posts/all this is the current url
DOM tree is fully loaded.
DOM tree is fully loaded.
STEP 2: The user has clicked on Login button.
The user has clicked on an element.
DOM tree is fully loaded.
STEP 3: The LoginPage URL is fully loaded.
DOM tree is fully loaded.
STEP 4: The user has provided a valid username.
DOM tree is fully loaded.
STEP 5: The user has provided a valid password.
DOM tree is fully loaded.
STEP 6: The user has clicked on the Sign in button.
The user has clicked on an element.
DOM tree is fully loaded.
DOM tree is fully loaded.
STEP 7: The user has verified they are located on HomePage after successful login.
The user has clicked on an element.
DOM tree is fully loaded.
STEP 8: The user has verified their successful login as they checked logout button is also visible.
ACTION @ The user is verifying if the navigation log out button is presented.
CONFIRMATION # Navigation logout button is presented to the user.
STEP 6: The user has scrolled down to the third post on HomePage and has opened it.
The user has clicked on an element.
DOM tree is fully loaded.
CONFIRMATION# The post is visible.
TimeoutException occurred: Expected condition failed: waiting for visibility of [[ChromeDriver: chrome on windows (0ad7be0282e365930271d9c2998cef51)] -> css selector: img.profile-image-source] (tried for 25 second(s) with 500 milliseconds interval)
Build info: version: '4.21.0', revision: '79ed462ef4'
System info: os.name: 'Windows 11', os.arch: 'amd64', os.version: '10.0', java.version: '22'
Driver info: org.openqa.selenium.chrome.ChromeDriver
Capabilities {acceptInsecureCerts: false, browserName: chrome, browserVersion: 127.0.6533.89, chrome: {chromedriverVersion: 127.0.6533.88 (a2d0cb026721..., userDataDir: C:\Users\tsvet\AppData\Loca...}, fedcm:accounts: true, goog:chromeOptions: {debuggerAddress: localhost:64456}, networkConnectionEnabled: false, pageLoadStrategy: normal, platformName: windows, proxy: Proxy(), se:cdp: ws://localhost:64456/devtoo..., se:cdpVersion: 127.0.6533.89, setWindowRect: true, strictFileInteractability: false, timeouts: {implicit: 0, pageLoad: 300000, script: 30000}, unhandledPromptBehavior: dismiss and notify, webauthn:extension:credBlob: true, webauthn:extension:largeBlob: true, webauthn:extension:minPinLength: true, webauthn:extension:prf: true, webauthn:virtualAuthenticators: true}
Session ID: 0ad7be0282e365930271d9c2998cef51
CONFIRMATION #: The Post source url is displayed.
]]></system-out>
    <system-err><![CDATA[SLF4J: Failed to load class "org.slf4j.impl.StaticLoggerBinder".
SLF4J: Defaulting to no-operation (NOP) logger implementation
SLF4J: See http://www.slf4j.org/codes.html#StaticLoggerBinder for further details.
Aug 04, 2024 1:06:56 PM org.openqa.selenium.devtools.CdpVersionFinder findNearestMatch
WARNING: Unable to find an exact match for CDP version 127, returning the closest version; found: 125; Please update to a Selenium version that supports CDP version 127
]]></system-err>
  </testcase>
  <testcase name="verifyAlreadyRegisteredUserCanNotSuccessfullyLoginWithNotProvidedCredentials" classname="com.skilo.gui.LoginTest" time="6.26">
    <system-out><![CDATA[The driver is about to be closed.
=== > *** Verify a user cannot successfully login in the system with NO CREDENTIALS *** < ===
STEP 1: A guest user has open the ISkillo HomePage.
http://training.skillo-bg.com:4200/posts/all this is the current url
DOM tree is fully loaded.
STEP 2: The guest user has navigated to ISkillo LoginPage.
http://training.skillo-bg.com:4200/users/login this is the current url
DOM tree is fully loaded.
STEP 3: The guest user has verified that the LoginPage is opened as per requirements.
ACTION @ The user is verifying if the Registration title is shown.
CONFIRM # The Registration title is shown to the user.
STEP 4: The user has provided an empty username.
DOM tree is fully loaded.
STEP 5: The user has provided an empty password.
DOM tree is fully loaded.
STEP 6: The user has clicked on Sign In button.
The user has clicked on an element.
DOM tree is fully loaded.
DOM tree is fully loaded.
STEP 7: The user has not provided any login data and is not logged in the system.
]]></system-out>
    <system-err><![CDATA[Aug 04, 2024 1:07:30 PM org.openqa.selenium.devtools.CdpVersionFinder findNearestMatch
WARNING: Unable to find an exact match for CDP version 127, returning the closest version; found: 125; Please update to a Selenium version that supports CDP version 127
]]></system-err>
  </testcase>
  <testcase name="verifyAlreadyRegisteredUserCanNotSuccessfullyLoginWithWrongPassword" classname="com.skilo.gui.LoginTest" time="5.07">
    <failure message="expected [Invalid username or password] but found [Ivalid password]" type="java.lang.AssertionError"><![CDATA[java.lang.AssertionError: expected [Invalid username or password] but found [Ivalid password]
	at org.testng.Assert.fail(Assert.java:111)
	at org.testng.Assert.failNotEquals(Assert.java:1578)
	at org.testng.Assert.assertEqualsImpl(Assert.java:150)
	at org.testng.Assert.assertEquals(Assert.java:132)
	at org.testng.Assert.assertEquals(Assert.java:656)
	at org.testng.Assert.assertEquals(Assert.java:666)
	at com.skillo.POM.LoginPage.msgStatusAfterInvalidLoginWithWrongPassword(LoginPage.java:90)
	at com.skilo.gui.LoginTest.verifyAlreadyRegisteredUserCanNotSuccessfullyLoginWithWrongPassword(LoginTest.java:125)
	at java.base/jdk.internal.reflect.DirectMethodHandleAccessor.invoke(DirectMethodHandleAccessor.java:103)
	at java.base/java.lang.reflect.Method.invoke(Method.java:580)
	at org.testng.internal.invokers.MethodInvocationHelper.invokeMethod(MethodInvocationHelper.java:141)
	at org.testng.internal.invokers.TestInvoker.invokeMethod(TestInvoker.java:686)
	at org.testng.internal.invokers.TestInvoker.invokeTestMethod(TestInvoker.java:230)
	at org.testng.internal.invokers.MethodRunner.runInSequence(MethodRunner.java:63)
	at org.testng.internal.invokers.TestInvoker$MethodInvocationAgent.invoke(TestInvoker.java:992)
	at org.testng.internal.invokers.TestInvoker.invokeTestMethods(TestInvoker.java:203)
	at org.testng.internal.invokers.TestMethodWorker.invokeTestMethods(TestMethodWorker.java:154)
	at org.testng.internal.invokers.TestMethodWorker.run(TestMethodWorker.java:134)
	at java.base/java.util.ArrayList.forEach(ArrayList.java:1597)
	at org.testng.TestRunner.privateRun(TestRunner.java:739)
	at org.testng.TestRunner.run(TestRunner.java:614)
	at org.testng.SuiteRunner.runTest(SuiteRunner.java:421)
	at org.testng.SuiteRunner.runSequentially(SuiteRunner.java:413)
	at org.testng.SuiteRunner.privateRun(SuiteRunner.java:373)
	at org.testng.SuiteRunner.run(SuiteRunner.java:312)
	at org.testng.SuiteRunnerWorker.runSuite(SuiteRunnerWorker.java:52)
	at org.testng.SuiteRunnerWorker.run(SuiteRunnerWorker.java:95)
	at org.testng.TestNG.runSuitesSequentially(TestNG.java:1274)
	at org.testng.TestNG.runSuitesLocally(TestNG.java:1208)
	at org.testng.TestNG.runSuites(TestNG.java:1112)
	at org.testng.TestNG.run(TestNG.java:1079)
	at org.apache.maven.surefire.testng.TestNGExecutor.run(TestNGExecutor.java:324)
	at org.apache.maven.surefire.testng.TestNGXmlTestSuite.execute(TestNGXmlTestSuite.java:74)
	at org.apache.maven.surefire.testng.TestNGProvider.invoke(TestNGProvider.java:123)
	at org.apache.maven.surefire.booter.ForkedBooter.runSuitesInProcess(ForkedBooter.java:456)
	at org.apache.maven.surefire.booter.ForkedBooter.execute(ForkedBooter.java:169)
	at org.apache.maven.surefire.booter.ForkedBooter.run(ForkedBooter.java:595)
	at org.apache.maven.surefire.booter.ForkedBooter.main(ForkedBooter.java:581)
]]></failure>
    <system-out><![CDATA[The driver is about to be closed.
=== > *** Verify a user cannot successfully login in the system with WRONG PASSWORD *** < ===
STEP 1: A guest user has opened the ISkillo HomePage.
http://training.skillo-bg.com:4200/posts/all this is the current url
DOM tree is fully loaded.
STEP 2: The guest user has navigated to ISkillo LoginPage.
The user has clicked on an element.
DOM tree is fully loaded.
STEP 3: The guest user has verified that the LoginPage is opened as per requirements.
ACTION @ The user is verifying if the Registration title is shown.
CONFIRM # The Registration title is shown to the user.
STEP 4: The user has provided a valid username.
DOM tree is fully loaded.
STEP 5: The user has provided an invalid password.
DOM tree is fully loaded.
STEP 6: The user has clicked on the Sign In button
The user has clicked on an element.
DOM tree is fully loaded.
DOM tree is fully loaded.
STEP 7: The user has provided wrong data and is not logged in the system.
]]></system-out>
    <system-err><![CDATA[Aug 04, 2024 1:07:37 PM org.openqa.selenium.devtools.CdpVersionFinder findNearestMatch
WARNING: Unable to find an exact match for CDP version 127, returning the closest version; found: 125; Please update to a Selenium version that supports CDP version 127
]]></system-err>
  </testcase>
  <testcase name="verifyAlreadyRegisteredUserCanNotSuccessfullyLoginWithWrongUsername" classname="com.skilo.gui.LoginTest" time="5.23">
    <system-out><![CDATA[The driver is about to be closed.
=== > *** Verify a user cannot successfully login in the system with WRONG USERNAME *** < ===
STEP 1: A guest user has opened the ISkillo HomePage.
http://training.skillo-bg.com:4200/posts/all this is the current url
DOM tree is fully loaded.
STEP 2: The guest user has navigated to ISkillo LoginPage.
http://training.skillo-bg.com:4200/users/login this is the current url
DOM tree is fully loaded.
STEP 3: The user has verified that the LoginPage is opened as per requirements.
ACTION @ The user is verifying if the Registration title is shown.
CONFIRM # The Registration title is shown to the user.
STEP 4: The user has provided a wrong username.
DOM tree is fully loaded.
STEP 5: The user has provided a valid password.
DOM tree is fully loaded.
STEP 6: The user has clicked on Sign In button.
The user has clicked on an element.
DOM tree is fully loaded.
DOM tree is fully loaded.
STEP 7: The user has provided wrong data and is not logged in the system.
]]></system-out>
    <system-err><![CDATA[Aug 04, 2024 1:07:44 PM org.openqa.selenium.devtools.CdpVersionFinder findNearestMatch
WARNING: Unable to find an exact match for CDP version 127, returning the closest version; found: 125; Please update to a Selenium version that supports CDP version 127
]]></system-err>
  </testcase>
  <testcase name="verifyAlreadyRegisteredUserCanSuccessfullyLogin" classname="com.skilo.gui.LoginTest" time="8.698">
    <system-out><![CDATA[The driver is about to be closed.
=== > *** Verify a registered user can successfully login in the system with valid credentials *** < ===
STEP 1: A guest user has opened the ISkillo HomePage.
http://training.skillo-bg.com:4200/posts/all this is the current url
DOM tree is fully loaded.
STEP 2: The guest user has navigated to ISkillo LoginPage.
http://training.skillo-bg.com:4200/users/login this is the current url
DOM tree is fully loaded.
STEP 3: The guest user has verified that the LoginPage is opened as per requirements.
ACTION @ The user is verifying if the Registration title is shown.
CONFIRM # The Registration title is shown to the user.
STEP 4: The user has provided a valid username.
DOM tree is fully loaded.
STEP 5: The user has provided a valid password.
DOM tree is fully loaded.
STEP 6: The guest user has selected Remember me option.
DOM tree is fully loaded.
The user has clicked on an element.
DOM tree is fully loaded.
Remember me is selected.
STEP 7: The user has clicked on the Sign in button.
The user has clicked on an element.
DOM tree is fully loaded.
DOM tree is fully loaded.
STEP 8: The user is successfully logged in the system with valid data.
The user has clicked on an element.
DOM tree is fully loaded.
STEP 9: The user has successfully clicked on HomePage Profile link after logging in the system with valid data.
Username is displayed.
ACTION @ The user is verifying if the navigation log out button is presented.
CONFIRMATION # Navigation logout button is presented to the user.
]]></system-out>
    <system-err><![CDATA[Aug 04, 2024 1:07:51 PM org.openqa.selenium.devtools.CdpVersionFinder findNearestMatch
WARNING: Unable to find an exact match for CDP version 127, returning the closest version; found: 125; Please update to a Selenium version that supports CDP version 127
]]></system-err>
  </testcase>
  <testcase name="verifyAlreadyRegisteredUserCanSuccessfullyLoginAndLogOut" classname="com.skilo.gui.LoginTest" time="7.378">
    <system-out><![CDATA[The driver is about to be closed.
=== > *** Verify a registered user can successfully login in the system with valid credentials *** < ===
STEP 1: A guest user has opened the ISkillo HomePage.
http://training.skillo-bg.com:4200/posts/all this is the current url
DOM tree is fully loaded.
STEP 2: The guest user has navigated to ISkillo LoginPage.
The user has clicked on an element.
DOM tree is fully loaded.
STEP 3: The guest user has verified that the LoginPage is opened as per requirements.
ACTION @ The user is verifying if the Registration title is shown.
CONFIRM # The Registration title is shown to the user.
STEP 4: The user has provided a valid username.
DOM tree is fully loaded.
STEP 5: The user has provided a valid password.
DOM tree is fully loaded.
STEP 6: The guest user has selected Remember me option.
DOM tree is fully loaded.
The user has clicked on an element.
DOM tree is fully loaded.
Remember me is selected.
STEP 7: The user has clicked on the Sign in button.
The user has clicked on an element.
DOM tree is fully loaded.
DOM tree is fully loaded.
STEP 8: The user is successfully logged in the system with valid data.
The user has clicked on an element.
DOM tree is fully loaded.
STEP 9: The user has successfully clicked on HomePage Profile link after logging in the system with valid data.
Username is displayed.
ACTION @ The user is verifying if the navigation log out button is presented.
CONFIRMATION # Navigation logout button is presented to the user.
STEP 9: The user has successfully clicked on the LogOut Button.
The user has clicked on an element.
DOM tree is fully loaded.
]]></system-out>
    <system-err><![CDATA[Aug 04, 2024 1:08:01 PM org.openqa.selenium.devtools.CdpVersionFinder findNearestMatch
WARNING: Unable to find an exact match for CDP version 127, returning the closest version; found: 125; Please update to a Selenium version that supports CDP version 127
]]></system-err>
  </testcase>
  <testcase name="verifyUserCanCreateNewPostAndDeleteIt[testingDemos, testing, testingDemos, src\test\resources\uploads\CatTestImage.jpg, Hello Kitty](1)" classname="com.skilo.gui.PostTest" time="23.167">
    <system-out><![CDATA[The driver is about to be closed.
=== > *** Verify the user can create a new post and delete the new post *** < ===
STEP 1: A guest user has opened ISkillo website home page.
http://training.skillo-bg.com:4200/posts/all this is the current url
DOM tree is fully loaded.
DOM tree is fully loaded.
STEP 2: The user has clicked on Login button.
The user has clicked on an element.
DOM tree is fully loaded.
STEP 3: The LoginPage URL is fully loaded.
DOM tree is fully loaded.
STEP 4: The user has provided correct credentials and has logged in successfully.
DOM tree is fully loaded.
DOM tree is fully loaded.
The user has clicked on an element.
DOM tree is fully loaded.
DOM tree is fully loaded.
The user has clicked on an element.
DOM tree is fully loaded.
Remember me is selected.
STEP 5: The user has verified the New Post button is visible.
 ACTION @ The user is verifying if the navigation New Post button is presented
CONFIRM # Navigation New Post button is presented to the user
STEP 6: The user has clicked on New Post button.
The user has clicked on an element.
DOM tree is fully loaded.
STEP 7: The user has successfully uploaded a new picture.
CONFIRMATION# The file was successfully uploaded.
STEP 8: Checking if the image is visible after upload.
CONFIRMATION# The file is visible.
STEP 9: Checking if the image name is correct
CONFIRMATION# The image name is: CatTestImage.jpg
STEP 10: The user has provided a caption for the new image.
CONFIRMATION# The user has provided caption text:Hello Kitty
STEP 11: The user has clicked on Submit Button to create the new post.
CONFIRMATION# The user has clicked on submit post button.
STEP 12: The user has successfully created a new post.
TimeoutException occurred: Expected condition failed: waiting for visibility of Proxy element for: DefaultElementLocator 'By.cssSelector: div.post-modal-img>img' (tried for 5 second(s) with 500 milliseconds interval)
CONFIRMATION #: The image is actually displayed.
Step 13: The user has clicked on the first post.
STEP 14: Verifying that the image and Username are visible.
CONFIRMATION #: The image is actually displayed.
CONFIRMATION #: The username is displayed.
STEP 15: Checking if the post count is correct.
The actual post count is1
STEP 16: The user has deleted the new post so this test can be repeated.
CONFIRMATION #: The user has clicked on Delete Post button.
CONFIRMATION #: The 'Are you sure? -Yes/No' element is visible.
CONFIRMATION #: The user has confirmed selecting Yes and image was deleted.
]]></system-out>
    <system-err><![CDATA[Aug 04, 2024 1:08:09 PM org.openqa.selenium.devtools.CdpVersionFinder findNearestMatch
WARNING: Unable to find an exact match for CDP version 127, returning the closest version; found: 125; Please update to a Selenium version that supports CDP version 127
]]></system-err>
  </testcase>
  <testcase name="verifyUserCanPostProfilePicture[testingDemos, testing, testingDemos, src\test\resources\uploads\testUpload.jpg, Testing create post caption](1)" classname="com.skilo.gui.ProfileTest" time="6.259">
    <system-out><![CDATA[The driver is about to be closed.
STEP 1: A guest user has opened ISkillo website home page.
http://training.skillo-bg.com:4200/posts/all this is the current url
DOM tree is fully loaded.
DOM tree is fully loaded.
STEP 2: The user has clicked on Login button.
The user has clicked on an element.
DOM tree is fully loaded.
STEP 3: The HomePage URL is fully loaded.
DOM tree is fully loaded.
STEP 4: The user has provided correct credentials and has logged in successfully.
DOM tree is fully loaded.
DOM tree is fully loaded.
The user has clicked on an element.
DOM tree is fully loaded.
DOM tree is fully loaded.
The user has clicked on an element.
DOM tree is fully loaded.
Remember me is selected.
STEP 5: The user has verified the Profile Link is visible and has clicked on it.
The user has clicked on an element.
DOM tree is fully loaded.
STEP 6: The user has successfully uploaded a new Profile picture.
CONFIRMATION # The image was successfully uploaded.
STEP 7: Checking if the image is visible after upload.
CONFIRMATION #: The Profile pic is displayed.
]]></system-out>
    <system-err><![CDATA[Aug 04, 2024 1:08:34 PM org.openqa.selenium.devtools.CdpVersionFinder findNearestMatch
WARNING: Unable to find an exact match for CDP version 127, returning the closest version; found: 125; Please update to a Selenium version that supports CDP version 127
]]></system-err>
  </testcase>
  <testcase name="verifyUserCanRegisterWithValidData" classname="com.skilo.gui.RegistrationTest" time="9.335">
    <system-out><![CDATA[The driver is about to be closed.
=== > *** Verify a new user can register in the system with valid data *** < ===
THE RANDOM GENERATED USERNAME IS: 424Student
THE RANDOM GENERATED EMAIL IS: 010842424@abv.bg
STEP 1: A guest user has opened the ISkillo HomePage.
http://training.skillo-bg.com:4200/posts/all this is the current url
DOM tree is fully loaded.
STEP 2: The guest user has navigated to ISkillo LoginPage.
http://training.skillo-bg.com:4200/users/login this is the current url
DOM tree is fully loaded.
STEP 3: The guest user has clicked on Register link.
The user has clicked on an element.
DOM tree is fully loaded.
STEP 4: The guest user has successfully accessed the Registration form.
DOM tree is fully loaded.
STEP 5: The guest user has provided valid registration data and has clicked on the Sign In button.
DOM tree is fully loaded.
DOM tree is fully loaded.
DOM tree is fully loaded.
DOM tree is fully loaded.
The user has clicked on an element.
DOM tree is fully loaded.
STEP 6: The user is successfully registered and logged in after registration with valid data.
The user has clicked on an element.
DOM tree is fully loaded.
STEP 7: The user has successfully clicked on HomePage Profile link after registering and logging in the system.
Username is displayed.
]]></system-out>
    <system-err><![CDATA[Aug 04, 2024 1:08:42 PM org.openqa.selenium.devtools.CdpVersionFinder findNearestMatch
WARNING: Unable to find an exact match for CDP version 127, returning the closest version; found: 125; Please update to a Selenium version that supports CDP version 127
]]></system-err>
  </testcase>
  <testcase name="verifyUserCannotRegisterWithInvalidData" classname="com.skilo.gui.RegistrationTest" time="4.622">
    <system-out><![CDATA[The driver is about to be closed.
=== > *** Verify a new user cannot register in the system with invalid data *** < ===
THE RANDOM GENERATED USERNAME IS: W
THE RANDOM GENERATED EMAIL IS: WRONG
STEP 1: A guest user has opened the ISkillo HomePage.
http://training.skillo-bg.com:4200/posts/all this is the current url
DOM tree is fully loaded.
STEP 2: The guest user has navigated to ISkillo LoginPage.
The user has clicked on an element.
DOM tree is fully loaded.
STEP 3: The guest user has clicked on the Register link.
The user has clicked on an element.
DOM tree is fully loaded.
STEP 4: The guest user has successfully accessed the Registration form.
DOM tree is fully loaded.
STEP 5: The guest user has provided invalid registration data and has clicked on the Sign In button.
DOM tree is fully loaded.
DOM tree is fully loaded.
DOM tree is fully loaded.
DOM tree is fully loaded.
The user has clicked on an element.
DOM tree is fully loaded.
Registration has failed, the user is not able to register successfully with invalid data.
]]></system-out>
    <system-err><![CDATA[Aug 04, 2024 1:08:52 PM org.openqa.selenium.devtools.CdpVersionFinder findNearestMatch
WARNING: Unable to find an exact match for CDP version 127, returning the closest version; found: 125; Please update to a Selenium version that supports CDP version 127
]]></system-err>
  </testcase>
</testsuite>